---------------------------------------
Begin Slurm Prolog: Apr-20-2024 03:07:09
Job ID:    5745641
User ID:   vgupta345
Account:   gts-ag117-prism
Job name:  LM_eval_truthfulqa_mc
Partition: gpu-h100
QOS:       embers
---------------------------------------
Sat Apr 20 03:07:09 2024       
+---------------------------------------------------------------------------------------+
| NVIDIA-SMI 535.154.05             Driver Version: 535.154.05   CUDA Version: 12.2     |
|-----------------------------------------+----------------------+----------------------+
| GPU  Name                 Persistence-M | Bus-Id        Disp.A | Volatile Uncorr. ECC |
| Fan  Temp   Perf          Pwr:Usage/Cap |         Memory-Usage | GPU-Util  Compute M. |
|                                         |                      |               MIG M. |
|=========================================+======================+======================|
|   0  NVIDIA H100 80GB HBM3          On  | 00000000:0A:00.0 Off |                    0 |
| N/A   35C    P0              75W / 700W |      0MiB / 81559MiB |      0%      Default |
|                                         |                      |             Disabled |
+-----------------------------------------+----------------------+----------------------+
|   1  NVIDIA H100 80GB HBM3          On  | 00000000:18:00.0 Off |                    0 |
| N/A   31C    P0              77W / 700W |      0MiB / 81559MiB |      0%      Default |
|                                         |                      |             Disabled |
+-----------------------------------------+----------------------+----------------------+
                                                                                         
+---------------------------------------------------------------------------------------+
| Processes:                                                                            |
|  GPU   GI   CI        PID   Type   Process name                            GPU Memory |
|        ID   ID                                                             Usage      |
|=======================================================================================|
|  No running processes found                                                           |
+---------------------------------------------------------------------------------------+
wandb: Currently logged in as: vima-gupta. Use `wandb login --relogin` to force relogin
wandb: wandb version 0.16.6 is available!  To upgrade, please run:
wandb:  $ pip install wandb --upgrade
wandb: Tracking run with wandb version 0.16.4
wandb: Run data is saved locally in /storage/coda1/p-apadmanabh3/0/vgupta345/lm-eval/lm_eval_new/lm-evaluation-harness/wandb/run-20240420_030734-6cufd8ev
wandb: Run `wandb offline` to turn off syncing.
wandb: Syncing run quiet-music-125
wandb: ⭐️ View project at https://wandb.ai/vima-gupta/prowl
wandb: 🚀 View run at https://wandb.ai/vima-gupta/prowl/runs/6cufd8ev
2024-04-20:03:07:34,816 INFO     [__main__.py:251] Verbosity set to INFO
2024-04-20:03:07:41,323 ERROR    [__main__.py:301] Tasks were not found: truthfulqa_mc
                                               Try `lm-eval --tasks list` for list of available tasks
Traceback (most recent call last):
  File "/storage/coda1/p-apadmanabh3/0/vgupta345/prowl_new/bin/lm-eval", line 8, in <module>
    sys.exit(cli_evaluate())
  File "/storage/coda1/p-apadmanabh3/0/vgupta345/lm-eval/lm_eval_new/lm-evaluation-harness/lm_eval/__main__.py", line 305, in cli_evaluate
    raise ValueError(
ValueError: Tasks not found: truthfulqa_mc. Try `lm-eval --tasks list` for list of available tasks, or '--verbosity DEBUG' to troubleshoot task registration issues.
Traceback (most recent call last):
  File "/storage/coda1/p-apadmanabh3/0/vgupta345/prowl_new/bin/lm-eval", line 8, in <module>
    sys.exit(cli_evaluate())
  File "/storage/coda1/p-apadmanabh3/0/vgupta345/lm-eval/lm_eval_new/lm-evaluation-harness/lm_eval/__main__.py", line 305, in cli_evaluate
    raise ValueError(
ValueError: Tasks not found: truthfulqa_mc. Try `lm-eval --tasks list` for list of available tasks, or '--verbosity DEBUG' to troubleshoot task registration issues.
wandb: WARNING No program path found, not creating job artifact. See https://docs.wandb.ai/guides/launch/create-job
wandb: - 0.008 MB of 0.008 MB uploadedwandb: \ 0.008 MB of 0.013 MB uploadedwandb: 🚀 View run quiet-music-125 at: https://wandb.ai/vima-gupta/prowl/runs/6cufd8ev
wandb: Synced 5 W&B file(s), 0 media file(s), 0 artifact file(s) and 0 other file(s)
wandb: Find logs at: ./wandb/run-20240420_030734-6cufd8ev/logs
---------------------------------------
Begin Slurm Epilog: Apr-20-2024 03:07:47
Job ID:        5745641
Array Job ID:  _4294967294
User ID:       vgupta345
Account:       gts-ag117-prism
Job name:      LM_eval_truthfulqa_mc
Resources:     cpu=16,gres/gpu:h100=2,mem=160G,node=1
Rsrc Used:     cput=00:10:08,vmem=0,walltime=00:00:38,mem=788292K,energy_used=0
Partition:     gpu-h100
QOS:           embers
Nodes:         atl1-1-01-006-29-0
---------------------------------------
